Using pre-set license
Built from '2021.1/staging' branch; Version is '2021.1.5f1 (3737af19df53) revision 3618735'; Using compiler version '192528614'; Build Type 'Release'
OS: 'Windows 10 Home Single Language; OS build 19043.1237; Version 2009; 64bit' Language: 'tr' Physical Memory: 8077 MB
BatchMode: 1, IsHumanControllingUs: 0, StartBugReporterOnCrash: 0, Is64bit: 1, IsPro: 0

 COMMAND LINE ARGUMENTS:
D:\Unity\2021.1.5f1\Editor\Unity.exe
-adb2
-batchMode
-noUpm
-name
AssetImportWorker0
-projectPath
D:/GitHub/MobileFps
-logFile
Logs/AssetImportWorker0.log
-srvPort
56191
Successfully changed project path to: D:/GitHub/MobileFps
D:/GitHub/MobileFps
Using Asset Import Pipeline V2.
Refreshing native plugins compatible for Editor in 128.85 ms, found 1 plugins.
Preloading 0 native plugins for Editor in 0.00 ms.
Initialize engine version: 2021.1.5f1 (3737af19df53)
[Subsystems] Discovering subsystems at path D:/Unity/2021.1.5f1/Editor/Data/Resources/UnitySubsystems
[Subsystems] Discovering subsystems at path D:/GitHub/MobileFps/Assets
GfxDevice: creating device client; threaded=0; jobified=0
Direct3D:
    Version:  Direct3D 11.0 [level 11.0]
    Renderer: NVIDIA GeForce GTX 950M (ID=0x139a)
    Vendor:   NVIDIA
    VRAM:     2010 MB
    Driver:   30.0.14.7141
Shader 'WFX/Transparent Specular': fallback shader 'Particles/Alpha Blended' not found
Shader 'WFX/Transparent Diffuse': fallback shader 'Particles/Alpha Blended' not found
Initialize mono
Mono path[0] = 'D:/Unity/2021.1.5f1/Editor/Data/Managed'
Mono path[1] = 'D:/Unity/2021.1.5f1/Editor/Data/MonoBleedingEdge/lib/mono/unityjit'
Mono config path = 'D:/Unity/2021.1.5f1/Editor/Data/MonoBleedingEdge/etc'
Using monoOptions --debugger-agent=transport=dt_socket,embedding=1,server=y,suspend=n,address=127.0.0.1:56072
Begin MonoManager ReloadAssembly
Registering precompiled unity dll's ...
Register platform support module: D:/Unity/2021.1.5f1/Editor/Data/PlaybackEngines/WindowsStandaloneSupport/UnityEditor.WindowsStandalone.Extensions.dll
Registered in 0.001626 seconds.
Native extension for WindowsStandalone target not found
Refreshing native plugins compatible for Editor in 117.34 ms, found 1 plugins.
Preloading 0 native plugins for Editor in 0.00 ms.
Mono: successfully reloaded assembly
- Completed reload, in  3.162 seconds
Platform modules already initialized, skipping
Registering precompiled user dll's ...
Registered in 0.004071 seconds.
Begin MonoManager ReloadAssembly
Native extension for WindowsStandalone target not found
Refreshing native plugins compatible for Editor in 0.66 ms, found 1 plugins.
Preloading 0 native plugins for Editor in 0.00 ms.
Mono: successfully reloaded assembly
- Completed reload, in  1.387 seconds
Platform modules already initialized, skipping
========================================================================
Worker process is ready to serve import requests
Shader 'WFX/Transparent Diffuse': fallback shader 'Particles/Alpha Blended' not found
Shader 'WFX/Transparent Specular': fallback shader 'Particles/Alpha Blended' not found
Launched and connected shader compiler UnityShaderCompiler.exe after 0.06 seconds
Refreshing native plugins compatible for Editor in 0.67 ms, found 1 plugins.
Preloading 0 native plugins for Editor in 0.00 ms.
Unloading 2794 Unused Serialized files (Serialized files now loaded: 0)
System memory in use before: 104.4 MB.
System memory in use after: 104.6 MB.

Unloading 27 unused Assets to reduce memory usage. Loaded Objects now: 3244.
Total: 2.358300 ms (FindLiveObjects: 0.256400 ms CreateObjectMapping: 0.171400 ms MarkObjects: 1.840700 ms  DeleteObjects: 0.088800 ms)

========================================================================
Received Import Request.
  path: Assets/Ui/Jump-Crouch.png
  artifactKey: Guid(7196501aa5701344eb37599763e98341) Importer(815301076,1909f56bfc062723c751e8b465ee728b)
Start importing Assets/Ui/Jump-Crouch.png using Guid(7196501aa5701344eb37599763e98341) Importer(815301076,1909f56bfc062723c751e8b465ee728b)  -> (artifact id: '8ab2bc8c6018154c140a0eaca26941f7') in 0.164540 seconds 
========================================================================
Received Import Request.
  Time since last request: 4.525395 seconds.
  path: Assets/Ui/Jump-Crouch.png
  artifactKey: Guid(7196501aa5701344eb37599763e98341) Importer(815301076,1909f56bfc062723c751e8b465ee728b)
Start importing Assets/Ui/Jump-Crouch.png using Guid(7196501aa5701344eb37599763e98341) Importer(815301076,1909f56bfc062723c751e8b465ee728b)  -> (artifact id: '28b9e56a0b9a86b4b07af97f0d849828') in 0.147772 seconds 
========================================================================
Received Import Request.
  Time since last request: 13.416551 seconds.
  path: Assets/Ui/Jump-Crouch.png
  artifactKey: Guid(7196501aa5701344eb37599763e98341) Importer(815301076,1909f56bfc062723c751e8b465ee728b)
Start importing Assets/Ui/Jump-Crouch.png using Guid(7196501aa5701344eb37599763e98341) Importer(815301076,1909f56bfc062723c751e8b465ee728b)  -> (artifact id: '0fcc384f5050910453cd4fd4319d584b') in 0.017833 seconds 
========================================================================
Received Import Request.
  Time since last request: 1032.820915 seconds.
  path: Assets/Ui/Bullet Multiple.png
  artifactKey: Guid(fa69f363d37d94647abcc53d1567fa0b) Importer(815301076,1909f56bfc062723c751e8b465ee728b)
Start importing Assets/Ui/Bullet Multiple.png using Guid(fa69f363d37d94647abcc53d1567fa0b) Importer(815301076,1909f56bfc062723c751e8b465ee728b)  -> (artifact id: 'd4815af844be372b1158b0088f7a98e0') in 0.021897 seconds 
========================================================================
Received Import Request.
  Time since last request: 0.000385 seconds.
  path: Assets/Ui/Bullet Single.png
  artifactKey: Guid(a218e800ce3106b4e8759a671484c131) Importer(815301076,1909f56bfc062723c751e8b465ee728b)
Start importing Assets/Ui/Bullet Single.png using Guid(a218e800ce3106b4e8759a671484c131) Importer(815301076,1909f56bfc062723c751e8b465ee728b)  -> (artifact id: '86a747baaf9155a2895b304de6821cbd') in 0.018321 seconds 
========================================================================
Received Import Request.
  Time since last request: 9.088995 seconds.
  path: Assets/Ui/Bullet Multiple.png
  artifactKey: Guid(fa69f363d37d94647abcc53d1567fa0b) Importer(815301076,1909f56bfc062723c751e8b465ee728b)
Start importing Assets/Ui/Bullet Multiple.png using Guid(fa69f363d37d94647abcc53d1567fa0b) Importer(815301076,1909f56bfc062723c751e8b465ee728b)  -> (artifact id: '6d18357d51d5098ee38d8563d0d3c859') in 0.019653 seconds 
========================================================================
Received Import Request.
  Time since last request: 0.000340 seconds.
  path: Assets/Ui/Bullet Single.png
  artifactKey: Guid(a218e800ce3106b4e8759a671484c131) Importer(815301076,1909f56bfc062723c751e8b465ee728b)
Start importing Assets/Ui/Bullet Single.png using Guid(a218e800ce3106b4e8759a671484c131) Importer(815301076,1909f56bfc062723c751e8b465ee728b)  -> (artifact id: '2c627dc342c0bc48a3ddd0bf05fae31d') in 0.017787 seconds 
========================================================================
Received Prepare
Registering precompiled user dll's ...
Registered in 0.061505 seconds.
Begin MonoManager ReloadAssembly
Native extension for WindowsStandalone target not found
Refreshing native plugins compatible for Editor in 0.63 ms, found 1 plugins.
Preloading 0 native plugins for Editor in 0.00 ms.
Mono: successfully reloaded assembly
- Completed reload, in  1.361 seconds
Platform modules already initialized, skipping
Switching build target platform(19) subTarget(0) extendedPlatform(0) -> platform(13) subTarget(537395204) extendedPlatform(0)
Shader 'WFX/Transparent Diffuse': fallback shader 'Particles/Alpha Blended' not found
Shader 'WFX/Transparent Specular': fallback shader 'Particles/Alpha Blended' not found
Refreshing native plugins compatible for Editor in 0.64 ms, found 1 plugins.
Preloading 0 native plugins for Editor in 0.00 ms.
Unloading 2783 Unused Serialized files (Serialized files now loaded: 0)
System memory in use before: 109.7 MB.
System memory in use after: 109.9 MB.

Unloading 22 unused Assets to reduce memory usage. Loaded Objects now: 3361.
Total: 2.421400 ms (FindLiveObjects: 0.224900 ms CreateObjectMapping: 0.126400 ms MarkObjects: 2.031800 ms  DeleteObjects: 0.037500 ms)

AssetImportParameters requested are different than current active one (requested -> active):
  custom:graphics/normal-map-encoding: 01000000000000000000000000000000 -> 02000000000000000000000000000000
========================================================================
Received Import Request.
  Time since last request: 447.420951 seconds.
  path: Assets/Scripts/Weapon
  artifactKey: Guid(25b5cb6aaae10894db06ffa4644777a6) Importer(815301076,1909f56bfc062723c751e8b465ee728b)
Start importing Assets/Scripts/Weapon using Guid(25b5cb6aaae10894db06ffa4644777a6) Importer(815301076,1909f56bfc062723c751e8b465ee728b)  -> (artifact id: 'dab63630629113e0195cc7f7df2a3532') in 0.019432 seconds 
========================================================================
Received Import Request.
  Time since last request: 3.253464 seconds.
  path: Assets/Scripts/Weapon/LaserSight.cs
  artifactKey: Guid(29eba5b9d37176b4bb93a57f25177bdf) Importer(815301076,1909f56bfc062723c751e8b465ee728b)
Start importing Assets/Scripts/Weapon/LaserSight.cs using Guid(29eba5b9d37176b4bb93a57f25177bdf) Importer(815301076,1909f56bfc062723c751e8b465ee728b)  -> (artifact id: '5bc0bf1708c5815fea94a2b76dae0a11') in 0.015554 seconds 
========================================================================
Received Prepare
Registering precompiled user dll's ...
Registered in 0.004171 seconds.
Begin MonoManager ReloadAssembly
Native extension for WindowsStandalone target not found
Refreshing native plugins compatible for Editor in 0.86 ms, found 1 plugins.
Preloading 0 native plugins for Editor in 0.00 ms.
Mono: successfully reloaded assembly
- Completed reload, in  1.394 seconds
Platform modules already initialized, skipping
Switching build target platform(19) subTarget(0) extendedPlatform(0) -> platform(13) subTarget(537395204) extendedPlatform(0)
Shader 'WFX/Transparent Diffuse': fallback shader 'Particles/Alpha Blended' not found
Shader 'WFX/Transparent Specular': fallback shader 'Particles/Alpha Blended' not found
Refreshing native plugins compatible for Editor in 1.17 ms, found 1 plugins.
Preloading 0 native plugins for Editor in 0.00 ms.
Unloading 2779 Unused Serialized files (Serialized files now loaded: 0)
System memory in use before: 109.6 MB.
System memory in use after: 109.9 MB.

Unloading 23 unused Assets to reduce memory usage. Loaded Objects now: 3363.
Total: 2.404500 ms (FindLiveObjects: 0.261200 ms CreateObjectMapping: 0.147000 ms MarkObjects: 1.971400 ms  DeleteObjects: 0.024000 ms)

AssetImportParameters requested are different than current active one (requested -> active):
  custom:graphics/normal-map-encoding: 01000000000000000000000000000000 -> 02000000000000000000000000000000
========================================================================
Received Import Request.
  Time since last request: 188.760352 seconds.
  path: Assets/Scripts/Enemy
  artifactKey: Guid(4af0b533d57c145448f5e972b479bc0c) Importer(815301076,1909f56bfc062723c751e8b465ee728b)
Start importing Assets/Scripts/Enemy using Guid(4af0b533d57c145448f5e972b479bc0c) Importer(815301076,1909f56bfc062723c751e8b465ee728b)  -> (artifact id: '267be47f944dfda0d1247e78acdf0f32') in 0.020080 seconds 
========================================================================
Received Import Request.
  Time since last request: 0.740108 seconds.
  path: Assets/Scripts/Enemy/AiSensor.cs
  artifactKey: Guid(5a5acf05e9ea53546aa5127300d24c1d) Importer(815301076,1909f56bfc062723c751e8b465ee728b)
Start importing Assets/Scripts/Enemy/AiSensor.cs using Guid(5a5acf05e9ea53546aa5127300d24c1d) Importer(815301076,1909f56bfc062723c751e8b465ee728b)  -> (artifact id: '13fe4ff1d561b9e1d3ac3a5b4ead689f') in 0.009251 seconds 
========================================================================
Received Import Request.
  Time since last request: 51.773244 seconds.
  path: Assets/Scripts/Enemy/EnemyCombat.cs
  artifactKey: Guid(3278ad57fd273cf4881ebe1db157cd13) Importer(815301076,1909f56bfc062723c751e8b465ee728b)
Start importing Assets/Scripts/Enemy/EnemyCombat.cs using Guid(3278ad57fd273cf4881ebe1db157cd13) Importer(815301076,1909f56bfc062723c751e8b465ee728b)  -> (artifact id: 'aae390edc4a708bbf9a506d7d1411c92') in 0.009269 seconds 
========================================================================
Received Import Request.
  Time since last request: 171.676748 seconds.
  path: Assets/BloodDecalsAndEffects
  artifactKey: Guid(438ebe208d299054f8086df4bcec2508) Importer(815301076,1909f56bfc062723c751e8b465ee728b)
Start importing Assets/BloodDecalsAndEffects using Guid(438ebe208d299054f8086df4bcec2508) Importer(815301076,1909f56bfc062723c751e8b465ee728b)  -> (artifact id: '82602b7313ace523e242fd8ef10de2e5') in 0.010283 seconds 
========================================================================
Received Import Request.
  Time since last request: 2.513369 seconds.
  path: Assets/BloodDecalsAndEffects/BloodGushFX
  artifactKey: Guid(c7f29bc7dd0ae8042a82757c9358baeb) Importer(815301076,1909f56bfc062723c751e8b465ee728b)
Start importing Assets/BloodDecalsAndEffects/BloodGushFX using Guid(c7f29bc7dd0ae8042a82757c9358baeb) Importer(815301076,1909f56bfc062723c751e8b465ee728b)  -> (artifact id: '634e4f48bfd7694a76e480c9de2732ab') in 0.010443 seconds 
========================================================================
Received Import Request.
  Time since last request: 0.064613 seconds.
  path: Assets/BloodDecalsAndEffects/BloodGushFX/BloodSprayFX.prefab
  artifactKey: Guid(d32aa916f50cac94db11e6f19821a58f) Importer(815301076,1909f56bfc062723c751e8b465ee728b)
Start importing Assets/BloodDecalsAndEffects/BloodGushFX/BloodSprayFX.prefab using Guid(d32aa916f50cac94db11e6f19821a58f) Importer(815301076,1909f56bfc062723c751e8b465ee728b)  -> (artifact id: 'fa26d4270ee68a9979db539ca62c39b0') in 0.117542 seconds 
========================================================================
Received Import Request.
  Time since last request: 0.000355 seconds.
  path: Assets/BloodDecalsAndEffects/BloodGushFX/BloodSprayFX_Extra.prefab
  artifactKey: Guid(3c657dedc43d33a4987fbf09e6363067) Importer(815301076,1909f56bfc062723c751e8b465ee728b)
Start importing Assets/BloodDecalsAndEffects/BloodGushFX/BloodSprayFX_Extra.prefab using Guid(3c657dedc43d33a4987fbf09e6363067) Importer(815301076,1909f56bfc062723c751e8b465ee728b)  -> (artifact id: 'e2f12d77855df348abe316eecf38e979') in 0.009997 seconds 
========================================================================
Received Import Request.
  Time since last request: 0.000402 seconds.
  path: Assets/BloodDecalsAndEffects/BloodGushFX/BloodSprayFX_Colormodifyable.prefab
  artifactKey: Guid(532c8be46e6660e49a9e48ce60e82441) Importer(815301076,1909f56bfc062723c751e8b465ee728b)
Start importing Assets/BloodDecalsAndEffects/BloodGushFX/BloodSprayFX_Colormodifyable.prefab using Guid(532c8be46e6660e49a9e48ce60e82441) Importer(815301076,1909f56bfc062723c751e8b465ee728b)  -> (artifact id: '7ec739bef592975694c1e06c11e84980') in 0.013978 seconds 
========================================================================
Received Import Request.
  Time since last request: 0.000416 seconds.
  path: Assets/BloodDecalsAndEffects/BloodGushFX/ChunkParticleSystem.prefab
  artifactKey: Guid(d5f26854a8904624c8073139cd2eb346) Importer(815301076,1909f56bfc062723c751e8b465ee728b)
Start importing Assets/BloodDecalsAndEffects/BloodGushFX/ChunkParticleSystem.prefab using Guid(d5f26854a8904624c8073139cd2eb346) Importer(815301076,1909f56bfc062723c751e8b465ee728b)  -> (artifact id: 'fd6b37f9ba115b952dc7b005cb9cde47') in 0.016160 seconds 
========================================================================
Received Import Request.
  Time since last request: 7.166525 seconds.
  path: Assets/BloodDecalsAndEffects/BloodGushFX/Models/RockSet2.obj
  artifactKey: Guid(16de22c3bd0cb9947b0911a828f6c952) Importer(815301076,1909f56bfc062723c751e8b465ee728b)
Start importing Assets/BloodDecalsAndEffects/BloodGushFX/Models/RockSet2.obj using Guid(16de22c3bd0cb9947b0911a828f6c952) Importer(815301076,1909f56bfc062723c751e8b465ee728b)  -> (artifact id: '6607351ba7c01084ecf52471e55a4ee4') in 0.293885 seconds 
========================================================================
Received Import Request.
  Time since last request: 25.022137 seconds.
  path: Assets/BloodDecalsAndEffects/BloodGushFX/Models
  artifactKey: Guid(2020a8281db94a740ba9bda537f567ec) Importer(815301076,1909f56bfc062723c751e8b465ee728b)
Start importing Assets/BloodDecalsAndEffects/BloodGushFX/Models using Guid(2020a8281db94a740ba9bda537f567ec) Importer(815301076,1909f56bfc062723c751e8b465ee728b)  -> (artifact id: 'd76644502703259b18ee461306ba4086') in 0.011267 seconds 
========================================================================
Received Prepare
Registering precompiled user dll's ...
Registered in 0.004131 seconds.
Begin MonoManager ReloadAssembly
Native extension for WindowsStandalone target not found
Refreshing native plugins compatible for Editor in 0.66 ms, found 1 plugins.
Preloading 0 native plugins for Editor in 0.00 ms.
Mono: successfully reloaded assembly
- Completed reload, in  1.194 seconds
Platform modules already initialized, skipping
Switching build target platform(19) subTarget(0) extendedPlatform(0) -> platform(13) subTarget(537395204) extendedPlatform(0)
Shader 'WFX/Transparent Diffuse': fallback shader 'Particles/Alpha Blended' not found
Shader 'WFX/Transparent Specular': fallback shader 'Particles/Alpha Blended' not found
Refreshing native plugins compatible for Editor in 0.76 ms, found 1 plugins.
Preloading 0 native plugins for Editor in 0.00 ms.
Unloading 2779 Unused Serialized files (Serialized files now loaded: 0)
System memory in use before: 109.9 MB.
System memory in use after: 110.2 MB.

Unloading 24 unused Assets to reduce memory usage. Loaded Objects now: 3375.
Total: 3.932300 ms (FindLiveObjects: 0.246400 ms CreateObjectMapping: 0.152200 ms MarkObjects: 3.491800 ms  DeleteObjects: 0.040500 ms)

AssetImportParameters requested are different than current active one (requested -> active):
  custom:graphics/normal-map-encoding: 01000000000000000000000000000000 -> 02000000000000000000000000000000
========================================================================
Received Prepare
Registering precompiled user dll's ...
Registered in 0.004042 seconds.
Begin MonoManager ReloadAssembly
Native extension for WindowsStandalone target not found
Refreshing native plugins compatible for Editor in 0.72 ms, found 1 plugins.
Preloading 0 native plugins for Editor in 0.00 ms.
Mono: successfully reloaded assembly
- Completed reload, in  1.189 seconds
Platform modules already initialized, skipping
Switching build target platform(19) subTarget(0) extendedPlatform(0) -> platform(13) subTarget(537395204) extendedPlatform(0)
Shader 'WFX/Transparent Diffuse': fallback shader 'Particles/Alpha Blended' not found
Shader 'WFX/Transparent Specular': fallback shader 'Particles/Alpha Blended' not found
Refreshing native plugins compatible for Editor in 1.00 ms, found 1 plugins.
Preloading 0 native plugins for Editor in 0.00 ms.
Unloading 2779 Unused Serialized files (Serialized files now loaded: 0)
System memory in use before: 109.9 MB.
System memory in use after: 110.2 MB.

Unloading 22 unused Assets to reduce memory usage. Loaded Objects now: 3378.
Total: 3.049100 ms (FindLiveObjects: 0.345000 ms CreateObjectMapping: 0.165800 ms MarkObjects: 2.507400 ms  DeleteObjects: 0.029500 ms)

AssetImportParameters requested are different than current active one (requested -> active):
  custom:graphics/normal-map-encoding: 01000000000000000000000000000000 -> 02000000000000000000000000000000
========================================================================
Received Import Request.
  Time since last request: 613.145419 seconds.
  path: Assets/Scripts/Enemy/EnemyCombat.cs
  artifactKey: Guid(3278ad57fd273cf4881ebe1db157cd13) Importer(815301076,1909f56bfc062723c751e8b465ee728b)
Start importing Assets/Scripts/Enemy/EnemyCombat.cs using Guid(3278ad57fd273cf4881ebe1db157cd13) Importer(815301076,1909f56bfc062723c751e8b465ee728b)  -> (artifact id: '594dd17b2813d359545b62a609ca03f9') in 0.012650 seconds 
========================================================================
Received Prepare
Registering precompiled user dll's ...
Registered in 0.006176 seconds.
Begin MonoManager ReloadAssembly
Native extension for WindowsStandalone target not found
Refreshing native plugins compatible for Editor in 0.94 ms, found 1 plugins.
Preloading 0 native plugins for Editor in 0.00 ms.
Mono: successfully reloaded assembly
- Completed reload, in  1.144 seconds
Platform modules already initialized, skipping
Switching build target platform(19) subTarget(0) extendedPlatform(0) -> platform(13) subTarget(537395204) extendedPlatform(0)
Shader 'WFX/Transparent Diffuse': fallback shader 'Particles/Alpha Blended' not found
Shader 'WFX/Transparent Specular': fallback shader 'Particles/Alpha Blended' not found
Refreshing native plugins compatible for Editor in 0.69 ms, found 1 plugins.
Preloading 0 native plugins for Editor in 0.00 ms.
Unloading 2779 Unused Serialized files (Serialized files now loaded: 0)
System memory in use before: 110.0 MB.
System memory in use after: 110.2 MB.

Unloading 22 unused Assets to reduce memory usage. Loaded Objects now: 3381.
Total: 2.592000 ms (FindLiveObjects: 0.244400 ms CreateObjectMapping: 0.150500 ms MarkObjects: 2.147100 ms  DeleteObjects: 0.049000 ms)

AssetImportParameters requested are different than current active one (requested -> active):
  custom:graphics/normal-map-encoding: 01000000000000000000000000000000 -> 02000000000000000000000000000000
========================================================================
Received Prepare
Registering precompiled user dll's ...
Registered in 0.004091 seconds.
Begin MonoManager ReloadAssembly
Native extension for WindowsStandalone target not found
Refreshing native plugins compatible for Editor in 0.67 ms, found 1 plugins.
Preloading 0 native plugins for Editor in 0.00 ms.
Mono: successfully reloaded assembly
- Completed reload, in  1.233 seconds
Platform modules already initialized, skipping
Switching build target platform(19) subTarget(0) extendedPlatform(0) -> platform(13) subTarget(537395204) extendedPlatform(0)
Shader 'WFX/Transparent Diffuse': fallback shader 'Particles/Alpha Blended' not found
Shader 'WFX/Transparent Specular': fallback shader 'Particles/Alpha Blended' not found
Refreshing native plugins compatible for Editor in 0.86 ms, found 1 plugins.
Preloading 0 native plugins for Editor in 0.00 ms.
Unloading 2779 Unused Serialized files (Serialized files now loaded: 0)
System memory in use before: 110.0 MB.
System memory in use after: 110.2 MB.

Unloading 22 unused Assets to reduce memory usage. Loaded Objects now: 3384.
Total: 2.986000 ms (FindLiveObjects: 0.364700 ms CreateObjectMapping: 0.168700 ms MarkObjects: 2.401200 ms  DeleteObjects: 0.049800 ms)

AssetImportParameters requested are different than current active one (requested -> active):
  custom:graphics/normal-map-encoding: 01000000000000000000000000000000 -> 02000000000000000000000000000000
========================================================================
Received Prepare
Registering precompiled user dll's ...
Registered in 0.004512 seconds.
Begin MonoManager ReloadAssembly
Native extension for WindowsStandalone target not found
Refreshing native plugins compatible for Editor in 0.68 ms, found 1 plugins.
Preloading 0 native plugins for Editor in 0.00 ms.
Mono: successfully reloaded assembly
- Completed reload, in  1.129 seconds
Platform modules already initialized, skipping
Switching build target platform(19) subTarget(0) extendedPlatform(0) -> platform(13) subTarget(537395204) extendedPlatform(0)
Shader 'WFX/Transparent Diffuse': fallback shader 'Particles/Alpha Blended' not found
Shader 'WFX/Transparent Specular': fallback shader 'Particles/Alpha Blended' not found
Refreshing native plugins compatible for Editor in 0.79 ms, found 1 plugins.
Preloading 0 native plugins for Editor in 0.00 ms.
Unloading 2779 Unused Serialized files (Serialized files now loaded: 0)
System memory in use before: 110.0 MB.
System memory in use after: 110.2 MB.

Unloading 22 unused Assets to reduce memory usage. Loaded Objects now: 3387.
Total: 2.385500 ms (FindLiveObjects: 0.275000 ms CreateObjectMapping: 0.146900 ms MarkObjects: 1.929600 ms  DeleteObjects: 0.033200 ms)

AssetImportParameters requested are different than current active one (requested -> active):
  custom:graphics/normal-map-encoding: 01000000000000000000000000000000 -> 02000000000000000000000000000000
========================================================================
Received Prepare
Registering precompiled user dll's ...
Registered in 0.004572 seconds.
Begin MonoManager ReloadAssembly
Native extension for WindowsStandalone target not found
Refreshing native plugins compatible for Editor in 0.93 ms, found 1 plugins.
Preloading 0 native plugins for Editor in 0.00 ms.
Mono: successfully reloaded assembly
- Completed reload, in  1.299 seconds
Platform modules already initialized, skipping
Switching build target platform(19) subTarget(0) extendedPlatform(0) -> platform(13) subTarget(537395204) extendedPlatform(0)
Shader 'WFX/Transparent Diffuse': fallback shader 'Particles/Alpha Blended' not found
Shader 'WFX/Transparent Specular': fallback shader 'Particles/Alpha Blended' not found
Refreshing native plugins compatible for Editor in 0.85 ms, found 1 plugins.
Preloading 0 native plugins for Editor in 0.00 ms.
Unloading 2779 Unused Serialized files (Serialized files now loaded: 0)
System memory in use before: 110.0 MB.
System memory in use after: 110.2 MB.

Unloading 22 unused Assets to reduce memory usage. Loaded Objects now: 3390.
Total: 2.400200 ms (FindLiveObjects: 0.300800 ms CreateObjectMapping: 0.158700 ms MarkObjects: 1.920400 ms  DeleteObjects: 0.019400 ms)

AssetImportParameters requested are different than current active one (requested -> active):
  custom:graphics/normal-map-encoding: 01000000000000000000000000000000 -> 02000000000000000000000000000000
========================================================================
Received Prepare
Registering precompiled user dll's ...
Registered in 0.003933 seconds.
Begin MonoManager ReloadAssembly
Native extension for WindowsStandalone target not found
Refreshing native plugins compatible for Editor in 0.66 ms, found 1 plugins.
Preloading 0 native plugins for Editor in 0.00 ms.
Mono: successfully reloaded assembly
- Completed reload, in  1.240 seconds
Platform modules already initialized, skipping
Switching build target platform(19) subTarget(0) extendedPlatform(0) -> platform(13) subTarget(537395204) extendedPlatform(0)
Shader 'WFX/Transparent Diffuse': fallback shader 'Particles/Alpha Blended' not found
Shader 'WFX/Transparent Specular': fallback shader 'Particles/Alpha Blended' not found
Refreshing native plugins compatible for Editor in 0.85 ms, found 1 plugins.
Preloading 0 native plugins for Editor in 0.00 ms.
Unloading 2779 Unused Serialized files (Serialized files now loaded: 0)
System memory in use before: 110.0 MB.
System memory in use after: 110.2 MB.

Unloading 22 unused Assets to reduce memory usage. Loaded Objects now: 3393.
Total: 5.352300 ms (FindLiveObjects: 0.431500 ms CreateObjectMapping: 0.248000 ms MarkObjects: 4.505700 ms  DeleteObjects: 0.164000 ms)

AssetImportParameters requested are different than current active one (requested -> active):
  custom:graphics/normal-map-encoding: 01000000000000000000000000000000 -> 02000000000000000000000000000000
========================================================================
Received Import Request.
  Time since last request: 440.483107 seconds.
  path: Assets/Effects/_Effects (Mobile)/Bullet Impacts/WFXMR_BImpact Metal.prefab
  artifactKey: Guid(e74af37e539075d428c1f7bd8cdb781d) Importer(815301076,1909f56bfc062723c751e8b465ee728b)
Start importing Assets/Effects/_Effects (Mobile)/Bullet Impacts/WFXMR_BImpact Metal.prefab using Guid(e74af37e539075d428c1f7bd8cdb781d) Importer(815301076,1909f56bfc062723c751e8b465ee728b)  -> (artifact id: '80f83aeb3cd347588e515623ccef8384') in 0.087177 seconds 
========================================================================
Received Import Request.
  Time since last request: 13.397500 seconds.
  path: Assets/Effects/_Effects (Mobile)/Bullet Impacts/WFXMR_BImpact Metal.prefab
  artifactKey: Guid(e74af37e539075d428c1f7bd8cdb781d) Importer(815301076,1909f56bfc062723c751e8b465ee728b)
Start importing Assets/Effects/_Effects (Mobile)/Bullet Impacts/WFXMR_BImpact Metal.prefab using Guid(e74af37e539075d428c1f7bd8cdb781d) Importer(815301076,1909f56bfc062723c751e8b465ee728b)  -> (artifact id: '677d3ce5a6814544a8880e502738221c') in 0.010853 seconds 
========================================================================
Received Prepare
Registering precompiled user dll's ...
Registered in 0.004933 seconds.
Begin MonoManager ReloadAssembly
Native extension for WindowsStandalone target not found
Refreshing native plugins compatible for Editor in 0.97 ms, found 1 plugins.
Preloading 0 native plugins for Editor in 0.00 ms.
Mono: successfully reloaded assembly
- Completed reload, in  1.234 seconds
Platform modules already initialized, skipping
Switching build target platform(19) subTarget(0) extendedPlatform(0) -> platform(13) subTarget(537395204) extendedPlatform(0)
Shader 'WFX/Transparent Diffuse': fallback shader 'Particles/Alpha Blended' not found
Shader 'WFX/Transparent Specular': fallback shader 'Particles/Alpha Blended' not found
Refreshing native plugins compatible for Editor in 0.78 ms, found 1 plugins.
Preloading 0 native plugins for Editor in 0.00 ms.
Unloading 2779 Unused Serialized files (Serialized files now loaded: 0)
System memory in use before: 110.0 MB.
System memory in use after: 110.3 MB.

Unloading 22 unused Assets to reduce memory usage. Loaded Objects now: 3397.
Total: 2.918700 ms (FindLiveObjects: 0.367600 ms CreateObjectMapping: 0.248600 ms MarkObjects: 2.277800 ms  DeleteObjects: 0.023200 ms)

AssetImportParameters requested are different than current active one (requested -> active):
  custom:graphics/normal-map-encoding: 01000000000000000000000000000000 -> 02000000000000000000000000000000
========================================================================
Received Prepare
Registering precompiled user dll's ...
Registered in 0.004065 seconds.
Begin MonoManager ReloadAssembly
Native extension for WindowsStandalone target not found
Refreshing native plugins compatible for Editor in 1.25 ms, found 1 plugins.
Preloading 0 native plugins for Editor in 0.00 ms.
Mono: successfully reloaded assembly
- Completed reload, in  1.397 seconds
Platform modules already initialized, skipping
Switching build target platform(19) subTarget(0) extendedPlatform(0) -> platform(13) subTarget(537395204) extendedPlatform(0)
Shader 'WFX/Transparent Diffuse': fallback shader 'Particles/Alpha Blended' not found
Shader 'WFX/Transparent Specular': fallback shader 'Particles/Alpha Blended' not found
Refreshing native plugins compatible for Editor in 0.89 ms, found 1 plugins.
Preloading 0 native plugins for Editor in 0.00 ms.
Unloading 2779 Unused Serialized files (Serialized files now loaded: 0)
System memory in use before: 110.1 MB.
System memory in use after: 110.3 MB.

Unloading 22 unused Assets to reduce memory usage. Loaded Objects now: 3400.
Total: 2.671900 ms (FindLiveObjects: 0.375600 ms CreateObjectMapping: 0.216500 ms MarkObjects: 2.027700 ms  DeleteObjects: 0.050600 ms)

AssetImportParameters requested are different than current active one (requested -> active):
  custom:graphics/normal-map-encoding: 01000000000000000000000000000000 -> 02000000000000000000000000000000
========================================================================
Received Import Request.
  Time since last request: 619.410817 seconds.
  path: Assets/Ui/Scroll Circle.png
  artifactKey: Guid(de870a757e9199d42a61f0121ebf9465) Importer(815301076,1909f56bfc062723c751e8b465ee728b)
Start importing Assets/Ui/Scroll Circle.png using Guid(de870a757e9199d42a61f0121ebf9465) Importer(815301076,1909f56bfc062723c751e8b465ee728b)  -> (artifact id: 'da874e1ad5914f0bf12039de4716a7b9') in 0.090662 seconds 
========================================================================
Received Import Request.
  Time since last request: 0.000326 seconds.
  path: Assets/Ui/Scroll Slot.png
  artifactKey: Guid(8123dc875f0b04041a3e9a8a05affea0) Importer(815301076,1909f56bfc062723c751e8b465ee728b)
Start importing Assets/Ui/Scroll Slot.png using Guid(8123dc875f0b04041a3e9a8a05affea0) Importer(815301076,1909f56bfc062723c751e8b465ee728b)  -> (artifact id: '4a82e140636f2fa48daa6844fdabce87') in 0.020016 seconds 
========================================================================
Received Import Request.
  Time since last request: 60.104507 seconds.
  path: Assets/Ui/Scroll Circle.png
  artifactKey: Guid(de870a757e9199d42a61f0121ebf9465) Importer(815301076,1909f56bfc062723c751e8b465ee728b)
Start importing Assets/Ui/Scroll Circle.png using Guid(de870a757e9199d42a61f0121ebf9465) Importer(815301076,1909f56bfc062723c751e8b465ee728b)  -> (artifact id: '627a9f6095d30f54373b08fee933882d') in 0.070350 seconds 
========================================================================
Received Import Request.
  Time since last request: 0.000405 seconds.
  path: Assets/Ui/Scroll Slot.png
  artifactKey: Guid(8123dc875f0b04041a3e9a8a05affea0) Importer(815301076,1909f56bfc062723c751e8b465ee728b)
Start importing Assets/Ui/Scroll Slot.png using Guid(8123dc875f0b04041a3e9a8a05affea0) Importer(815301076,1909f56bfc062723c751e8b465ee728b)  -> (artifact id: '2e08b9ba5ba8ea52e883c1d03dc885a7') in 0.031545 seconds 
========================================================================
Received Prepare
Registering precompiled user dll's ...
Registered in 0.013467 seconds.
Begin MonoManager ReloadAssembly
Native extension for WindowsStandalone target not found
Refreshing native plugins compatible for Editor in 0.69 ms, found 1 plugins.
Preloading 0 native plugins for Editor in 0.00 ms.
Mono: successfully reloaded assembly
- Completed reload, in  1.495 seconds
Platform modules already initialized, skipping
Switching build target platform(19) subTarget(0) extendedPlatform(0) -> platform(13) subTarget(537395204) extendedPlatform(0)
Shader 'WFX/Transparent Diffuse': fallback shader 'Particles/Alpha Blended' not found
Shader 'WFX/Transparent Specular': fallback shader 'Particles/Alpha Blended' not found
Refreshing native plugins compatible for Editor in 1.00 ms, found 1 plugins.
Preloading 0 native plugins for Editor in 0.00 ms.
Unloading 2781 Unused Serialized files (Serialized files now loaded: 0)
System memory in use before: 111.8 MB.
System memory in use after: 112.1 MB.

Unloading 22 unused Assets to reduce memory usage. Loaded Objects now: 3464.
Total: 2.313600 ms (FindLiveObjects: 0.267100 ms CreateObjectMapping: 0.148800 ms MarkObjects: 1.834500 ms  DeleteObjects: 0.062000 ms)

AssetImportParameters requested are different than current active one (requested -> active):
  custom:graphics/normal-map-encoding: 01000000000000000000000000000000 -> 02000000000000000000000000000000
========================================================================
Received Prepare
Registering precompiled user dll's ...
Registered in 0.003719 seconds.
Begin MonoManager ReloadAssembly
Native extension for WindowsStandalone target not found
Refreshing native plugins compatible for Editor in 0.66 ms, found 1 plugins.
Preloading 0 native plugins for Editor in 0.00 ms.
Mono: successfully reloaded assembly
- Completed reload, in  1.218 seconds
Platform modules already initialized, skipping
Switching build target platform(19) subTarget(0) extendedPlatform(0) -> platform(13) subTarget(537395204) extendedPlatform(0)
Shader 'WFX/Transparent Diffuse': fallback shader 'Particles/Alpha Blended' not found
Shader 'WFX/Transparent Specular': fallback shader 'Particles/Alpha Blended' not found
Refreshing native plugins compatible for Editor in 0.82 ms, found 1 plugins.
Preloading 0 native plugins for Editor in 0.00 ms.
Unloading 2779 Unused Serialized files (Serialized files now loaded: 0)
System memory in use before: 111.7 MB.
System memory in use after: 112.0 MB.

Unloading 22 unused Assets to reduce memory usage. Loaded Objects now: 3467.
Total: 2.446200 ms (FindLiveObjects: 0.259000 ms CreateObjectMapping: 0.153600 ms MarkObjects: 2.009700 ms  DeleteObjects: 0.022900 ms)

AssetImportParameters requested are different than current active one (requested -> active):
  custom:graphics/normal-map-encoding: 01000000000000000000000000000000 -> 02000000000000000000000000000000
========================================================================
Received Import Request.
  Time since last request: 894.637923 seconds.
  path: Assets/FPS Icons Pack
  artifactKey: Guid(7d06ec58fd1b71c4ba1d0700d6d8669c) Importer(815301076,1909f56bfc062723c751e8b465ee728b)
Start importing Assets/FPS Icons Pack using Guid(7d06ec58fd1b71c4ba1d0700d6d8669c) Importer(815301076,1909f56bfc062723c751e8b465ee728b)  -> (artifact id: '2606e0fcdb61d58b3c673b3c695961fd') in 0.017892 seconds 
========================================================================
Received Import Request.
  Time since last request: 0.875603 seconds.
  path: Assets/FPS Icons Pack/Dark Theme
  artifactKey: Guid(150b70bc15f5529419caf693fb679ab4) Importer(815301076,1909f56bfc062723c751e8b465ee728b)
Start importing Assets/FPS Icons Pack/Dark Theme using Guid(150b70bc15f5529419caf693fb679ab4) Importer(815301076,1909f56bfc062723c751e8b465ee728b)  -> (artifact id: '702b0ca8c3466655d94a0e429a295097') in 0.010222 seconds 
========================================================================
Received Import Request.
  Time since last request: 0.060481 seconds.
  path: Assets/FPS Icons Pack/Dark Theme/Dark theme spritesheet 1.png
  artifactKey: Guid(a1d46cd3f2614cc43be92ab44ea7d819) Importer(815301076,1909f56bfc062723c751e8b465ee728b)
Start importing Assets/FPS Icons Pack/Dark Theme/Dark theme spritesheet 1.png using Guid(a1d46cd3f2614cc43be92ab44ea7d819) Importer(815301076,1909f56bfc062723c751e8b465ee728b)  -> (artifact id: 'd09c8792e914a739a236ed74b30bb553') in 0.209406 seconds 
========================================================================
Received Import Request.
  Time since last request: 0.000229 seconds.
  path: Assets/FPS Icons Pack/Dark Theme/Dark theme spritesheet 2.png
  artifactKey: Guid(5acb27b603af6d44ea6113c4b7b15385) Importer(815301076,1909f56bfc062723c751e8b465ee728b)
Start importing Assets/FPS Icons Pack/Dark Theme/Dark theme spritesheet 2.png using Guid(5acb27b603af6d44ea6113c4b7b15385) Importer(815301076,1909f56bfc062723c751e8b465ee728b)  -> (artifact id: '76b05124f3375486bd6f193397468624') in 0.127728 seconds 
========================================================================
Received Import Request.
  Time since last request: 39.946429 seconds.
  path: Assets/FPS Icons Pack/Dark Theme/DT Automatic rifle 4.asset
  artifactKey: Guid(e0d56d09d5520e246b5624e970cdaf60) Importer(815301076,1909f56bfc062723c751e8b465ee728b)
Start importing Assets/FPS Icons Pack/Dark Theme/DT Automatic rifle 4.asset using Guid(e0d56d09d5520e246b5624e970cdaf60) Importer(815301076,1909f56bfc062723c751e8b465ee728b)  -> (artifact id: '1a3776b4d16fdc4f3148b8e1b4362441') in 0.038669 seconds 
========================================================================
Received Import Request.
  Time since last request: 0.001505 seconds.
  path: Assets/FPS Icons Pack/Dark Theme/DT Handgun 4.asset
  artifactKey: Guid(dcde8e136e875e546aea803a29bbcd43) Importer(815301076,1909f56bfc062723c751e8b465ee728b)
Start importing Assets/FPS Icons Pack/Dark Theme/DT Handgun 4.asset using Guid(dcde8e136e875e546aea803a29bbcd43) Importer(815301076,1909f56bfc062723c751e8b465ee728b)  -> (artifact id: 'a3a2f5ce97bd076c9365f2a216b80e7b') in 0.034499 seconds 
========================================================================
Received Import Request.
  Time since last request: 0.000487 seconds.
  path: Assets/FPS Icons Pack/Dark Theme/DT Submachinegun 1.asset
  artifactKey: Guid(1477fc642783cc646bb5291eb45c3d05) Importer(815301076,1909f56bfc062723c751e8b465ee728b)
Start importing Assets/FPS Icons Pack/Dark Theme/DT Submachinegun 1.asset using Guid(1477fc642783cc646bb5291eb45c3d05) Importer(815301076,1909f56bfc062723c751e8b465ee728b)  -> (artifact id: 'c345dd1e1862dab8cc77dd56645584a6') in 0.034603 seconds 
========================================================================
Received Import Request.
  Time since last request: 0.000430 seconds.
  path: Assets/FPS Icons Pack/Dark Theme/DT Submachinegun 2.asset
  artifactKey: Guid(a5d0ee3c6aaade743951a1b8dc4d4597) Importer(815301076,1909f56bfc062723c751e8b465ee728b)
Start importing Assets/FPS Icons Pack/Dark Theme/DT Submachinegun 2.asset using Guid(a5d0ee3c6aaade743951a1b8dc4d4597) Importer(815301076,1909f56bfc062723c751e8b465ee728b)  -> (artifact id: '037ab7dcc1a84cfad84a8cdaa31a18a3') in 0.036812 seconds 
========================================================================
Received Import Request.
  Time since last request: 87.516186 seconds.
  path: Assets/FPS Icons Pack/Dark Theme/Dark theme spritesheet 2.png
  artifactKey: Guid(5acb27b603af6d44ea6113c4b7b15385) Importer(815301076,1909f56bfc062723c751e8b465ee728b)
Start importing Assets/FPS Icons Pack/Dark Theme/Dark theme spritesheet 2.png using Guid(5acb27b603af6d44ea6113c4b7b15385) Importer(815301076,1909f56bfc062723c751e8b465ee728b)  -> (artifact id: 'ceb7799404e1579c837462259260ce14') in 0.135694 seconds 
========================================================================
Received Prepare
Registering precompiled user dll's ...
Registered in 0.003619 seconds.
Begin MonoManager ReloadAssembly
Native extension for WindowsStandalone target not found
Refreshing native plugins compatible for Editor in 0.63 ms, found 1 plugins.
Preloading 0 native plugins for Editor in 0.00 ms.
Mono: successfully reloaded assembly
- Completed reload, in  1.174 seconds
Platform modules already initialized, skipping
Switching build target platform(19) subTarget(0) extendedPlatform(0) -> platform(13) subTarget(537395204) extendedPlatform(0)
Shader 'WFX/Transparent Diffuse': fallback shader 'Particles/Alpha Blended' not found
Shader 'WFX/Transparent Specular': fallback shader 'Particles/Alpha Blended' not found
Refreshing native plugins compatible for Editor in 0.64 ms, found 1 plugins.
Preloading 0 native plugins for Editor in 0.00 ms.
Unloading 2781 Unused Serialized files (Serialized files now loaded: 0)
System memory in use before: 114.4 MB.
System memory in use after: 114.6 MB.

Unloading 22 unused Assets to reduce memory usage. Loaded Objects now: 3647.
Total: 2.912100 ms (FindLiveObjects: 0.436900 ms CreateObjectMapping: 0.174600 ms MarkObjects: 2.244100 ms  DeleteObjects: 0.055400 ms)

AssetImportParameters requested are different than current active one (requested -> active):
  custom:graphics/normal-map-encoding: 01000000000000000000000000000000 -> 02000000000000000000000000000000
========================================================================
Received Import Request.
  Time since last request: 568.645301 seconds.
  path: Assets/Ui/refresh-buttons.png
  artifactKey: Guid(e08bd6a6340ff4d43bde9cf37772da82) Importer(815301076,1909f56bfc062723c751e8b465ee728b)
Start importing Assets/Ui/refresh-buttons.png using Guid(e08bd6a6340ff4d43bde9cf37772da82) Importer(815301076,1909f56bfc062723c751e8b465ee728b)  -> (artifact id: 'f3904b3d5bb293ee697f1138dd5259f9') in 0.077500 seconds 
========================================================================
Received Import Request.
  Time since last request: 8.707194 seconds.
  path: Assets/Ui/refresh-buttons.png
  artifactKey: Guid(e08bd6a6340ff4d43bde9cf37772da82) Importer(815301076,1909f56bfc062723c751e8b465ee728b)
Start importing Assets/Ui/refresh-buttons.png using Guid(e08bd6a6340ff4d43bde9cf37772da82) Importer(815301076,1909f56bfc062723c751e8b465ee728b)  -> (artifact id: 'acddfcebc8f2a46713e6b833b0d30b9c') in 0.049549 seconds 
========================================================================
Received Import Request.
  Time since last request: 660.656291 seconds.
  path: Assets/Scripts/WeaponScrolling.cs
  artifactKey: Guid(ecb1cf0fcf99f264895e6df1ba16b37a) Importer(815301076,1909f56bfc062723c751e8b465ee728b)
Start importing Assets/Scripts/WeaponScrolling.cs using Guid(ecb1cf0fcf99f264895e6df1ba16b37a) Importer(815301076,1909f56bfc062723c751e8b465ee728b)  -> (artifact id: '34cc23b45a97a0abecf9dfadc362d97c') in 0.009264 seconds 
========================================================================
Received Prepare
Registering precompiled user dll's ...
Registered in 0.003599 seconds.
Begin MonoManager ReloadAssembly
Native extension for WindowsStandalone target not found
Refreshing native plugins compatible for Editor in 0.90 ms, found 1 plugins.
Preloading 0 native plugins for Editor in 0.00 ms.
Mono: successfully reloaded assembly
- Completed reload, in  1.138 seconds
Platform modules already initialized, skipping
Switching build target platform(19) subTarget(0) extendedPlatform(0) -> platform(13) subTarget(537395204) extendedPlatform(0)
Shader 'WFX/Transparent Diffuse': fallback shader 'Particles/Alpha Blended' not found
Shader 'WFX/Transparent Specular': fallback shader 'Particles/Alpha Blended' not found
Refreshing native plugins compatible for Editor in 0.63 ms, found 1 plugins.
Preloading 0 native plugins for Editor in 0.00 ms.
Unloading 2781 Unused Serialized files (Serialized files now loaded: 0)
System memory in use before: 115.2 MB.
System memory in use after: 115.4 MB.

Unloading 22 unused Assets to reduce memory usage. Loaded Objects now: 3681.
Total: 2.413400 ms (FindLiveObjects: 0.386800 ms CreateObjectMapping: 0.161700 ms MarkObjects: 1.840500 ms  DeleteObjects: 0.023300 ms)

AssetImportParameters requested are different than current active one (requested -> active):
  custom:graphics/normal-map-encoding: 01000000000000000000000000000000 -> 02000000000000000000000000000000
========================================================================
Received Prepare
Registering precompiled user dll's ...
Registered in 0.003595 seconds.
Begin MonoManager ReloadAssembly
Native extension for WindowsStandalone target not found
Refreshing native plugins compatible for Editor in 1.03 ms, found 1 plugins.
Preloading 0 native plugins for Editor in 0.00 ms.
Mono: successfully reloaded assembly
- Completed reload, in  1.201 seconds
Platform modules already initialized, skipping
Switching build target platform(19) subTarget(0) extendedPlatform(0) -> platform(13) subTarget(537395204) extendedPlatform(0)
Shader 'WFX/Transparent Diffuse': fallback shader 'Particles/Alpha Blended' not found
Shader 'WFX/Transparent Specular': fallback shader 'Particles/Alpha Blended' not found
Refreshing native plugins compatible for Editor in 1.99 ms, found 1 plugins.
Preloading 0 native plugins for Editor in 0.00 ms.
Unloading 2780 Unused Serialized files (Serialized files now loaded: 0)
System memory in use before: 115.2 MB.
System memory in use after: 115.4 MB.

Unloading 22 unused Assets to reduce memory usage. Loaded Objects now: 3684.
Total: 3.036700 ms (FindLiveObjects: 0.405300 ms CreateObjectMapping: 0.200100 ms MarkObjects: 2.406000 ms  DeleteObjects: 0.024200 ms)

AssetImportParameters requested are different than current active one (requested -> active):
  custom:graphics/normal-map-encoding: 01000000000000000000000000000000 -> 02000000000000000000000000000000
========================================================================
Received Import Request.
  Time since last request: 298.838121 seconds.
  path: Assets/Scripts/WeaponScrolling.cs
  artifactKey: Guid(ecb1cf0fcf99f264895e6df1ba16b37a) Importer(815301076,1909f56bfc062723c751e8b465ee728b)
Start importing Assets/Scripts/WeaponScrolling.cs using Guid(ecb1cf0fcf99f264895e6df1ba16b37a) Importer(815301076,1909f56bfc062723c751e8b465ee728b)  -> (artifact id: 'bb07818c1b5a928d895aecaf253092e0') in 0.008494 seconds 
========================================================================
Received Prepare
Registering precompiled user dll's ...
Registered in 0.003694 seconds.
Begin MonoManager ReloadAssembly
Native extension for WindowsStandalone target not found
Refreshing native plugins compatible for Editor in 1.07 ms, found 1 plugins.
Preloading 0 native plugins for Editor in 0.00 ms.
Mono: successfully reloaded assembly
- Completed reload, in  1.196 seconds
Platform modules already initialized, skipping
Switching build target platform(19) subTarget(0) extendedPlatform(0) -> platform(13) subTarget(537395204) extendedPlatform(0)
Shader 'WFX/Transparent Diffuse': fallback shader 'Particles/Alpha Blended' not found
Shader 'WFX/Transparent Specular': fallback shader 'Particles/Alpha Blended' not found
Refreshing native plugins compatible for Editor in 0.76 ms, found 1 plugins.
Preloading 0 native plugins for Editor in 0.00 ms.
Unloading 2780 Unused Serialized files (Serialized files now loaded: 0)
System memory in use before: 115.2 MB.
System memory in use after: 115.4 MB.

Unloading 22 unused Assets to reduce memory usage. Loaded Objects now: 3687.
Total: 3.658500 ms (FindLiveObjects: 0.409600 ms CreateObjectMapping: 0.280500 ms MarkObjects: 2.939300 ms  DeleteObjects: 0.028100 ms)

AssetImportParameters requested are different than current active one (requested -> active):
  custom:graphics/normal-map-encoding: 01000000000000000000000000000000 -> 02000000000000000000000000000000
========================================================================
Received Prepare
Registering precompiled user dll's ...
Registered in 0.003689 seconds.
Begin MonoManager ReloadAssembly
Native extension for WindowsStandalone target not found
Refreshing native plugins compatible for Editor in 0.68 ms, found 1 plugins.
Preloading 0 native plugins for Editor in 0.00 ms.
Mono: successfully reloaded assembly
- Completed reload, in  1.212 seconds
Platform modules already initialized, skipping
Switching build target platform(19) subTarget(0) extendedPlatform(0) -> platform(13) subTarget(537395204) extendedPlatform(0)
Shader 'WFX/Transparent Diffuse': fallback shader 'Particles/Alpha Blended' not found
Shader 'WFX/Transparent Specular': fallback shader 'Particles/Alpha Blended' not found
Refreshing native plugins compatible for Editor in 0.66 ms, found 1 plugins.
Preloading 0 native plugins for Editor in 0.00 ms.
Unloading 2780 Unused Serialized files (Serialized files now loaded: 0)
System memory in use before: 115.2 MB.
System memory in use after: 115.4 MB.

Unloading 22 unused Assets to reduce memory usage. Loaded Objects now: 3690.
Total: 2.556200 ms (FindLiveObjects: 0.283400 ms CreateObjectMapping: 0.159900 ms MarkObjects: 2.087000 ms  DeleteObjects: 0.024800 ms)

AssetImportParameters requested are different than current active one (requested -> active):
  custom:graphics/normal-map-encoding: 01000000000000000000000000000000 -> 02000000000000000000000000000000
========================================================================
Received Prepare
Registering precompiled user dll's ...
Registered in 0.005293 seconds.
Begin MonoManager ReloadAssembly
Native extension for WindowsStandalone target not found
Refreshing native plugins compatible for Editor in 0.85 ms, found 1 plugins.
Preloading 0 native plugins for Editor in 0.00 ms.
Mono: successfully reloaded assembly
- Completed reload, in  1.138 seconds
Platform modules already initialized, skipping
Switching build target platform(19) subTarget(0) extendedPlatform(0) -> platform(13) subTarget(537395204) extendedPlatform(0)
Shader 'WFX/Transparent Diffuse': fallback shader 'Particles/Alpha Blended' not found
Shader 'WFX/Transparent Specular': fallback shader 'Particles/Alpha Blended' not found
Refreshing native plugins compatible for Editor in 0.65 ms, found 1 plugins.
Preloading 0 native plugins for Editor in 0.00 ms.
Unloading 2780 Unused Serialized files (Serialized files now loaded: 0)
System memory in use before: 115.2 MB.
System memory in use after: 115.4 MB.

Unloading 22 unused Assets to reduce memory usage. Loaded Objects now: 3693.
Total: 3.442200 ms (FindLiveObjects: 0.273300 ms CreateObjectMapping: 0.140300 ms MarkObjects: 2.959100 ms  DeleteObjects: 0.068400 ms)

AssetImportParameters requested are different than current active one (requested -> active):
  custom:graphics/normal-map-encoding: 01000000000000000000000000000000 -> 02000000000000000000000000000000
========================================================================
Received Prepare
Shader 'WFX/Transparent Diffuse': fallback shader 'Particles/Alpha Blended' not found
Shader 'WFX/Transparent Specular': fallback shader 'Particles/Alpha Blended' not found
Refreshing native plugins compatible for Editor in 5.68 ms, found 1 plugins.
Preloading 0 native plugins for Editor in 0.00 ms.
Unloading 20 Unused Serialized files (Serialized files now loaded: 0)
System memory in use before: 60.9 MB.
System memory in use after: 61.1 MB.

Unloading 20 unused Assets to reduce memory usage. Loaded Objects now: 3693.
Total: 2.343100 ms (FindLiveObjects: 0.259000 ms CreateObjectMapping: 0.136200 ms MarkObjects: 1.908700 ms  DeleteObjects: 0.038200 ms)

AssetImportWorkerClient::OnTransportError - code=2 error=End of file
